<?xml version="1.0" encoding="UTF-8"?>
<!-- Generated by org.testng.reporters.JUnitReportReporter -->
<testsuite skipped="0" hostname="sourceandroid" name="com.qa.tests.HomeTest" tests="1" failures="0" timestamp="29 Aug 2019 13:39:51 GMT" time="37.949" errors="0">
  <testcase name="verifySliderForProductPriceBy" time="37.949" classname="com.qa.tests.HomeTest"/>
</testsuite> <!-- com.qa.tests.HomeTest -->
