<?xml version="1.0" encoding="UTF-8"?>
<!-- Generated by org.testng.reporters.JUnitReportReporter -->
<testsuite skipped="0" hostname="sourceandroid" name="com.qa.tests.HomeTest" tests="1" failures="0" timestamp="12 Sep 2019 09:21:00 GMT" time="46.139" errors="0">
  <testcase name="verifyHomeSubmitProduct" time="46.139" classname="com.qa.tests.HomeTest"/>
</testsuite> <!-- com.qa.tests.HomeTest -->
