<?xml version="1.0" encoding="UTF-8"?>
<!-- Generated by org.testng.reporters.JUnitReportReporter -->
<testsuite skipped="0" hostname="sourceandroid" name="com.qa.tests.LoginTest" tests="2" failures="0" timestamp="28 Aug 2019 14:15:47 GMT" time="35.012" errors="0">
  <testcase name="verfiyLoginLink" time="14.004" classname="com.qa.tests.LoginTest"/>
  <testcase name="verifyLoginCrediantial" time="21.008" classname="com.qa.tests.LoginTest"/>
</testsuite> <!-- com.qa.tests.LoginTest -->
