<?xml version="1.0" encoding="UTF-8"?>
<!-- Generated by org.testng.reporters.JUnitReportReporter -->
<testsuite skipped="0" hostname="sourceandroid" name="com.qa.tests.HomeTest" tests="2" failures="0" timestamp="28 Aug 2019 15:11:22 GMT" time="48.213" errors="0">
  <testcase name="verifyProductClick" time="23.098" classname="com.qa.tests.HomeTest"/>
  <testcase name="verifyCartDetail" time="25.115" classname="com.qa.tests.HomeTest"/>
</testsuite> <!-- com.qa.tests.HomeTest -->
