<?xml version="1.0" encoding="UTF-8"?>
<!-- Generated by org.testng.reporters.JUnitReportReporter -->
<testsuite skipped="0" hostname="sourceandroid" name="com.qa.tests.LoginTest" tests="2" failures="0" timestamp="10 Sep 2019 13:10:47 GMT" time="34.116" errors="0">
  <testcase name="verfiyLoginLink" time="14.069" classname="com.qa.tests.LoginTest"/>
  <testcase name="verifyLoginCrediantial" time="20.047" classname="com.qa.tests.LoginTest"/>
</testsuite> <!-- com.qa.tests.LoginTest -->
