<?xml version="1.0" encoding="UTF-8"?>
<!-- Generated by org.testng.reporters.JUnitReportReporter -->
<testsuite skipped="0" hostname="sourceandroid" name="com.qa.tests.HomeTest" tests="1" failures="0" timestamp="10 Sep 2019 14:45:24 GMT" time="51.952" errors="0">
  <testcase name="verifyHomeSubmitProduct" time="51.952" classname="com.qa.tests.HomeTest"/>
</testsuite> <!-- com.qa.tests.HomeTest -->
